<?xml version="1.0" encoding="UTF-8"?>
<!-- Generated by org.testng.reporters.JUnitReportReporter -->
<testsuite hostname="DESKTOP-RCMCRH0" failures="0" tests="1" name="com.qa.cgi.testscripts.DDTusingCSV" time="14.337" errors="0" timestamp="2021-01-08T09:01:00 IST" skipped="0">
  <testcase classname="com.qa.cgi.testscripts.DDTusingCSV" name="csvDataRead" time="14.337"/>
  <system-out/>
</testsuite> <!-- com.qa.cgi.testscripts.DDTusingCSV -->
