<?xml version="1.0" encoding="UTF-8"?>
<!-- Generated by org.testng.reporters.JUnitReportReporter -->
<testsuite hostname="DESKTOP-RCMCRH0" failures="0" tests="1" name="com.qa.cgi.testscripts.ExampleDDTthruDatabase" time="1.554" errors="0" timestamp="2021-01-18T08:59:06 IST" skipped="0">
  <testcase classname="com.qa.cgi.testscripts.ExampleDDTthruDatabase" name="DDT" time="1.554"/>
  <system-out/>
</testsuite> <!-- com.qa.cgi.testscripts.ExampleDDTthruDatabase -->
