<?xml version="1.0" encoding="UTF-8"?>
<!-- Generated by org.testng.reporters.JUnitReportReporter -->
<testsuite hostname="DESKTOP-RCMCRH0" failures="0" tests="3" name="com.qa.cgi.testscripts.AmazonDDTDataProviderExcel" time="151.535" errors="0" timestamp="2021-01-07T23:36:39 IST" skipped="0">
  <testcase classname="com.qa.cgi.testscripts.AmazonDDTDataProviderExcel" name="SearchItem" time="44.231"/>
  <system-out/>
  <testcase classname="com.qa.cgi.testscripts.AmazonDDTDataProviderExcel" name="SearchItem" time="67.694"/>
  <system-out/>
  <testcase classname="com.qa.cgi.testscripts.AmazonDDTDataProviderExcel" name="SearchItem" time="39.610"/>
  <system-out/>
</testsuite> <!-- com.qa.cgi.testscripts.AmazonDDTDataProviderExcel -->
